<?xml version="1.0" encoding="UTF-8"?>
<!-- Generated by org.testng.reporters.JUnitXMLReporter -->
<testsuite ignored="0" hostname="aitslpt-SarojP" failures="0" tests="6" name="Default test" time="12.598" errors="0" timestamp="2023-07-21T10:51:48 NPT">
  <testcase classname="api.test.DDTests" name="testPostUser" time="2.85"/>
  <testcase classname="api.test.DDTests" name="testPostUser" time="1.388"/>
  <testcase classname="api.test.DDTests" name="testPostUser" time="1.557"/>
  <testcase classname="api.test.DDTests" name="testDeleteUserByName" time="1.487"/>
  <testcase classname="api.test.DDTests" name="testDeleteUserByName" time="1.914"/>
  <testcase classname="api.test.DDTests" name="testDeleteUserByName" time="2.472"/>
</testsuite> <!-- Default test -->
