<?xml version="1.0" encoding="UTF-8"?>
<testng-results ignored="0" total="4" passed="4" failed="0" skipped="0">
  <reporter-output>
  </reporter-output>
  <suite started-at="2023-07-24T07:44:16 NPT" name="PetSuite" finished-at="2023-07-24T07:44:26 NPT" duration-ms="10069">
    <groups>
    </groups>
    <test started-at="2023-07-24T07:44:16 NPT" name="PetTest" finished-at="2023-07-24T07:44:26 NPT" duration-ms="10069">
      <class name="api.test.UserTests">
        <test-method is-config="true" signature="setupData()[pri:0, instance:api.test.UserTests@f5ac9e4]" started-at="2023-07-24T07:44:17 NPT" name="setupData" finished-at="2023-07-24T07:44:17 NPT" duration-ms="649" status="PASS">
          <reporter-output>
          </reporter-output>
        </test-method> <!-- setupData -->
        <test-method signature="testPostUser()[pri:1, instance:api.test.UserTests@f5ac9e4]" started-at="2023-07-24T07:44:17 NPT" name="testPostUser" finished-at="2023-07-24T07:44:20 NPT" duration-ms="3082" status="PASS">
          <reporter-output>
          </reporter-output>
        </test-method> <!-- testPostUser -->
        <test-method signature="testGetUserByName()[pri:2, instance:api.test.UserTests@f5ac9e4]" started-at="2023-07-24T07:44:20 NPT" name="testGetUserByName" finished-at="2023-07-24T07:44:22 NPT" duration-ms="1476" status="PASS">
          <reporter-output>
          </reporter-output>
        </test-method> <!-- testGetUserByName -->
        <test-method signature="testUpdateUserByName()[pri:3, instance:api.test.UserTests@f5ac9e4]" started-at="2023-07-24T07:44:22 NPT" name="testUpdateUserByName" finished-at="2023-07-24T07:44:25 NPT" duration-ms="3119" status="PASS">
          <reporter-output>
          </reporter-output>
        </test-method> <!-- testUpdateUserByName -->
        <test-method signature="testDeleteUserByName()[pri:4, instance:api.test.UserTests@f5ac9e4]" started-at="2023-07-24T07:44:25 NPT" name="testDeleteUserByName" finished-at="2023-07-24T07:44:26 NPT" duration-ms="1515" status="PASS">
          <reporter-output>
          </reporter-output>
        </test-method> <!-- testDeleteUserByName -->
      </class> <!-- api.test.UserTests -->
    </test> <!-- PetTest -->
  </suite> <!-- PetSuite -->
</testng-results>
