<?xml version="1.0" encoding="UTF-8"?>
<!-- Generated by org.testng.reporters.JUnitXMLReporter -->
<testsuite ignored="0" hostname="aitslpt-SarojP" failures="0" tests="4" name="PetTest" time="10.069" errors="0" timestamp="2023-07-24T07:44:26 NPT">
  <testcase classname="api.test.UserTests" name="testPostUser" time="3.082"/>
  <testcase classname="api.test.UserTests" name="testGetUserByName" time="1.476"/>
  <testcase classname="api.test.UserTests" name="testUpdateUserByName" time="3.119"/>
  <testcase classname="api.test.UserTests" name="testDeleteUserByName" time="1.515"/>
</testsuite> <!-- PetTest -->
